Content-Type: multipart/alternative;
 boundary="===============8547868727842409500=="
MIME-Version: 1.0
Subject: Profile activation
From: test@example.com
To: test@test.com
Date: Sun, 04 Nov 2018 00:26:02 -0000
Message-ID: <154129116253.34834.18156101982272906997@Pawels-MacBook-Pro.local>

--===============8547868727842409500==
Content-Type: text/plain; charset="utf-8"
MIME-Version: 1.0
Content-Transfer-Encoding: 7bit



To activate your profile, please follow this link:

http://127.0.0.1:8000/accounts/activate/jLl7rc7tTSgoPVStc8AG/

--===============8547868727842409500==
Content-Type: text/html; charset="utf-8"
MIME-Version: 1.0
Content-Transfer-Encoding: 7bit



<!DOCTYPE html PUBLIC "-//W3C//DTD XHTML 1.0 Transitional//EN"
        "http://www.w3.org/TR/xhtml1/DTD/xhtml1-transitional.dtd">
<html xmlns="http://www.w3.org/1999/xhtml">
<head>
    <meta http-equiv="Content-Type" content="text/html; charset=UTF-8"/>
    <title>Profile activation</title>
    <meta name="viewport" content="width=device-width, initial-scale=1.0"/>
</head>

<body>

<p>
    To activate your profile, please follow this link:
</p>

<p>
    <a href="http://127.0.0.1:8000/accounts/activate/jLl7rc7tTSgoPVStc8AG/">http://127.0.0.1:8000/accounts/activate/jLl7rc7tTSgoPVStc8AG/</a>
</p>

</body>

</html>

--===============8547868727842409500==--

-------------------------------------------------------------------------------
