Content-Type: multipart/alternative;
 boundary="===============6599996260888358897=="
MIME-Version: 1.0
Subject: Profile activation
From: test@example.com
To: pmb2232@gmail.com
Date: Sun, 04 Nov 2018 00:26:38 -0000
Message-ID: <154129119854.34834.5350063445046810841@Pawels-MacBook-Pro.local>

--===============6599996260888358897==
Content-Type: text/plain; charset="utf-8"
MIME-Version: 1.0
Content-Transfer-Encoding: 7bit



To activate your profile, please follow this link:

http://127.0.0.1:8000/accounts/activate/G0C7PJzB4O75FatFgZ0z/

--===============6599996260888358897==
Content-Type: text/html; charset="utf-8"
MIME-Version: 1.0
Content-Transfer-Encoding: 7bit



<!DOCTYPE html PUBLIC "-//W3C//DTD XHTML 1.0 Transitional//EN"
        "http://www.w3.org/TR/xhtml1/DTD/xhtml1-transitional.dtd">
<html xmlns="http://www.w3.org/1999/xhtml">
<head>
    <meta http-equiv="Content-Type" content="text/html; charset=UTF-8"/>
    <title>Profile activation</title>
    <meta name="viewport" content="width=device-width, initial-scale=1.0"/>
</head>

<body>

<p>
    To activate your profile, please follow this link:
</p>

<p>
    <a href="http://127.0.0.1:8000/accounts/activate/G0C7PJzB4O75FatFgZ0z/">http://127.0.0.1:8000/accounts/activate/G0C7PJzB4O75FatFgZ0z/</a>
</p>

</body>

</html>

--===============6599996260888358897==--

-------------------------------------------------------------------------------
